c:\users\semih\onedrive\masaüstü\sro_clientlib\sro_clientlib\release\vc143.pdb
c:\users\semih\onedrive\masaüstü\sro_clientlib\sro_clientlib\release\stdafx.obj
c:\users\semih\onedrive\masaüstü\sro_clientlib\sro_clientlib\release\sro_clientlib.obj
c:\users\semih\onedrive\masaüstü\sro_clientlib\sro_clientlib\release\memoryhack.obj
c:\users\semih\onedrive\masaüstü\sro_clientlib\sro_clientlib\release\patchclient.obj
c:\users\semih\onedrive\masaüstü\sro_clientlib\sro_clientlib\release\globals.obj
c:\users\semih\onedrive\masaüstü\sro_clientlib\sro_clientlib\release\databank.obj
c:\users\semih\onedrive\masaüstü\sro_clientlib\release\sro_clientlib.dll
c:\users\semih\onedrive\masaüstü\sro_clientlib\sro_clientlib\release\sro_clientlib.ipdb
c:\users\semih\onedrive\masaüstü\sro_clientlib\sro_clientlib\release\sro_clientlib.iobj
c:\users\semih\onedrive\masaüstü\sro_clientlib\release\sro_clientlib.pdb
c:\users\semih\onedrive\masaüstü\sro_clientlib\release\sro_clientlib.lib
c:\users\semih\onedrive\masaüstü\sro_clientlib\release\sro_clientlib.exp
c:\users\semih\onedrive\masaüstü\sro_clientlib\sro_clientlib\release\sro_clientlib.tlog\cl.command.1.tlog
c:\users\semih\onedrive\masaüstü\sro_clientlib\sro_clientlib\release\sro_clientlib.tlog\cl.items.tlog
c:\users\semih\onedrive\masaüstü\sro_clientlib\sro_clientlib\release\sro_clientlib.tlog\cl.read.1.tlog
c:\users\semih\onedrive\masaüstü\sro_clientlib\sro_clientlib\release\sro_clientlib.tlog\cl.write.1.tlog
c:\users\semih\onedrive\masaüstü\sro_clientlib\sro_clientlib\release\sro_clientlib.tlog\link.command.1.tlog
c:\users\semih\onedrive\masaüstü\sro_clientlib\sro_clientlib\release\sro_clientlib.tlog\link.read.1.tlog
c:\users\semih\onedrive\masaüstü\sro_clientlib\sro_clientlib\release\sro_clientlib.tlog\link.write.1.tlog
c:\users\semih\onedrive\masaüstü\sro_clientlib\sro_clientlib\release\sro_clientlib.tlog\link.write.2u.tlog
