C:\Program Files\Microsoft Visual Studio\2022\Professional\MSBuild\Microsoft\VC\v170\Microsoft.CppBuild.targets(517,5): warning MSB8004: Output Directory does not end with a trailing slash.  This build instance will add the slash as it is required to allow proper evaluation of the Output Directory.
  Globals.cpp
  OldLoginScreen.cpp
C:\Users\semih\OneDrive\Masaüstü\SRO_ClientLib\SRO_ClientLib\OldLoginScreen.cpp(67,41): warning C4305: 'argument': truncation from 'int' to 'BYTE'
C:\Users\semih\OneDrive\Masaüstü\SRO_ClientLib\SRO_ClientLib\OldLoginScreen.cpp(67,41): warning C4309: 'argument': truncation of constant value
  PSCharacterSelect.cpp
C:\Users\semih\OneDrive\Masaüstü\SRO_ClientLib\SRO_ClientLib\PSCharacterSelect.cpp(97,28): warning C4305: '=': truncation from 'double' to 'float'
C:\Users\semih\OneDrive\Masaüstü\SRO_ClientLib\SRO_ClientLib\PSCharacterSelect.cpp(98,28): warning C4305: '=': truncation from 'double' to 'float'
C:\Users\semih\OneDrive\Masaüstü\SRO_ClientLib\SRO_ClientLib\PSCharacterSelect.cpp(99,28): warning C4305: '=': truncation from 'double' to 'float'
C:\Users\semih\OneDrive\Masaüstü\SRO_ClientLib\SRO_ClientLib\PSCharacterSelect.cpp(101,28): warning C4305: '=': truncation from 'double' to 'float'
C:\Users\semih\OneDrive\Masaüstü\SRO_ClientLib\SRO_ClientLib\PSCharacterSelect.cpp(102,28): warning C4305: '=': truncation from 'double' to 'float'
C:\Users\semih\OneDrive\Masaüstü\SRO_ClientLib\SRO_ClientLib\PSCharacterSelect.cpp(117,26): warning C4305: '=': truncation from 'double' to 'float'
C:\Users\semih\OneDrive\Masaüstü\SRO_ClientLib\SRO_ClientLib\PSCharacterSelect.cpp(119,26): warning C4305: '=': truncation from 'double' to 'float'
C:\Users\semih\OneDrive\Masaüstü\SRO_ClientLib\SRO_ClientLib\PSCharacterSelect.cpp(121,26): warning C4305: '=': truncation from 'double' to 'float'
C:\Users\semih\OneDrive\Masaüstü\SRO_ClientLib\SRO_ClientLib\PSCharacterSelect.cpp(122,26): warning C4305: '=': truncation from 'double' to 'float'
C:\Users\semih\OneDrive\Masaüstü\SRO_ClientLib\SRO_ClientLib\PSCharacterSelect.cpp(133,25): warning C4305: '=': truncation from 'double' to 'float'
C:\Users\semih\OneDrive\Masaüstü\SRO_ClientLib\SRO_ClientLib\PSCharacterSelect.cpp(135,25): warning C4305: '=': truncation from 'double' to 'float'
C:\Users\semih\OneDrive\Masaüstü\SRO_ClientLib\SRO_ClientLib\PSCharacterSelect.cpp(137,25): warning C4305: '=': truncation from 'double' to 'float'
C:\Users\semih\OneDrive\Masaüstü\SRO_ClientLib\SRO_ClientLib\PSCharacterSelect.cpp(138,25): warning C4305: '=': truncation from 'double' to 'float'
C:\Users\semih\OneDrive\Masaüstü\SRO_ClientLib\SRO_ClientLib\PSCharacterSelect.cpp(147,25): warning C4305: '=': truncation from 'double' to 'float'
C:\Users\semih\OneDrive\Masaüstü\SRO_ClientLib\SRO_ClientLib\PSCharacterSelect.cpp(149,25): warning C4305: '=': truncation from 'double' to 'float'
C:\Users\semih\OneDrive\Masaüstü\SRO_ClientLib\SRO_ClientLib\PSCharacterSelect.cpp(151,25): warning C4305: '=': truncation from 'double' to 'float'
C:\Users\semih\OneDrive\Masaüstü\SRO_ClientLib\SRO_ClientLib\PSCharacterSelect.cpp(152,25): warning C4305: '=': truncation from 'double' to 'float'
C:\Users\semih\OneDrive\Masaüstü\SRO_ClientLib\SRO_ClientLib\PSCharacterSelect.cpp(161,25): warning C4305: '=': truncation from 'double' to 'float'
C:\Users\semih\OneDrive\Masaüstü\SRO_ClientLib\SRO_ClientLib\PSCharacterSelect.cpp(162,25): warning C4305: '=': truncation from 'double' to 'float'
C:\Users\semih\OneDrive\Masaüstü\SRO_ClientLib\SRO_ClientLib\PSCharacterSelect.cpp(163,25): warning C4305: '=': truncation from 'double' to 'float'
C:\Users\semih\OneDrive\Masaüstü\SRO_ClientLib\SRO_ClientLib\PSCharacterSelect.cpp(165,25): warning C4305: '=': truncation from 'double' to 'float'
C:\Users\semih\OneDrive\Masaüstü\SRO_ClientLib\SRO_ClientLib\PSCharacterSelect.cpp(166,25): warning C4305: '=': truncation from 'double' to 'float'
C:\Users\semih\OneDrive\Masaüstü\SRO_ClientLib\SRO_ClientLib\PSCharacterSelect.cpp(175,25): warning C4305: '=': truncation from 'double' to 'float'
C:\Users\semih\OneDrive\Masaüstü\SRO_ClientLib\SRO_ClientLib\PSCharacterSelect.cpp(176,25): warning C4305: '=': truncation from 'double' to 'float'
C:\Users\semih\OneDrive\Masaüstü\SRO_ClientLib\SRO_ClientLib\PSCharacterSelect.cpp(177,25): warning C4305: '=': truncation from 'double' to 'float'
C:\Users\semih\OneDrive\Masaüstü\SRO_ClientLib\SRO_ClientLib\PSCharacterSelect.cpp(179,25): warning C4305: '=': truncation from 'double' to 'float'
C:\Users\semih\OneDrive\Masaüstü\SRO_ClientLib\SRO_ClientLib\PSCharacterSelect.cpp(180,25): warning C4305: '=': truncation from 'double' to 'float'
C:\Users\semih\OneDrive\Masaüstü\SRO_ClientLib\SRO_ClientLib\PSCharacterSelect.cpp(183,23): warning C4305: '=': truncation from 'double' to 'float'
C:\Users\semih\OneDrive\Masaüstü\SRO_ClientLib\SRO_ClientLib\PSCharacterSelect.cpp(192,26): warning C4305: '=': truncation from 'double' to 'float'
C:\Users\semih\OneDrive\Masaüstü\SRO_ClientLib\SRO_ClientLib\PSCharacterSelect.cpp(193,26): warning C4305: '=': truncation from 'double' to 'float'
C:\Users\semih\OneDrive\Masaüstü\SRO_ClientLib\SRO_ClientLib\PSCharacterSelect.cpp(194,26): warning C4305: '=': truncation from 'double' to 'float'
C:\Users\semih\OneDrive\Masaüstü\SRO_ClientLib\SRO_ClientLib\PSCharacterSelect.cpp(196,25): warning C4305: '=': truncation from 'double' to 'float'
C:\Users\semih\OneDrive\Masaüstü\SRO_ClientLib\SRO_ClientLib\PSCharacterSelect.cpp(203,26): warning C4305: '=': truncation from 'double' to 'float'
C:\Users\semih\OneDrive\Masaüstü\SRO_ClientLib\SRO_ClientLib\PSCharacterSelect.cpp(204,26): warning C4305: '=': truncation from 'double' to 'float'
C:\Users\semih\OneDrive\Masaüstü\SRO_ClientLib\SRO_ClientLib\PSCharacterSelect.cpp(205,26): warning C4305: '=': truncation from 'double' to 'float'
C:\Users\semih\OneDrive\Masaüstü\SRO_ClientLib\SRO_ClientLib\PSCharacterSelect.cpp(207,25): warning C4305: '=': truncation from 'double' to 'float'
  SRO_ClientLib.cpp
  static_constructor.cpp
     Creating library ..\..\Ancient Silkroad Online\Ancient Silkroad Online\SRO_ClientLib.lib and object ..\..\Ancient Silkroad Online\Ancient Silkroad Online\SRO_ClientLib.exp
  Generating code
  16 of 114 functions (14.0%) were compiled, the rest were copied from previous compilation.
    8 functions were new in current compilation
    0 functions had inline decision re-evaluated but remain unchanged
  Finished generating code
  SRO_ClientLib.vcxproj -> C:\Users\semih\OneDrive\Masaüstü\Ancient Silkroad Online\Ancient Silkroad Online\SRO_ClientLib.dll
